platforms/android/build/outputs/logs/manifest-merger-F0-F1-F2-F3-F4-debug-report.txt
-- Merging decision tree log ---
manifest
ADDED from src\main\AndroidManifest.xml:2:1-21:12
	package
		ADDED from src\main\AndroidManifest.xml:3:64-97
		INJECTED from src\main\AndroidManifest.xml
		ADDED from src\main\AndroidManifest.xml:3:64-97
		INJECTED from src\F1\AndroidManifest.xml
	android:versionName
		ADDED from src\main\AndroidManifest.xml:3:126-151
		INJECTED from src\main\AndroidManifest.xml
		ADDED from src\main\AndroidManifest.xml:3:126-151
		INJECTED from src\F1\AndroidManifest.xml
	android:versionCode
		ADDED from src\main\AndroidManifest.xml:3:98-125
		INJECTED from src\main\AndroidManifest.xml
		ADDED from src\main\AndroidManifest.xml:3:98-125
		INJECTED from src\F1\AndroidManifest.xml
	xmlns:android
		ADDED from src\main\AndroidManifest.xml:3:5-63
supports-screens
ADDED from src\main\AndroidManifest.xml:4:5-139
	android:largeScreens
		ADDED from src\main\AndroidManifest.xml:4:80-107
	android:smallScreens
		ADDED from src\main\AndroidManifest.xml:4:23-50
	android:normalScreens
		ADDED from src\main\AndroidManifest.xml:4:51-79
	android:xlargeScreens
		ADDED from src\main\AndroidManifest.xml:4:108-136
uses-sdk
ADDED from src\main\AndroidManifest.xml:5:5-74
MERGED from [com.aurelhubert:ahbottomnavigation:2.1.0] AndroidManifest.xml:7:5-9:41
MERGED from [com.google.android.gms:play-services-maps:11.8.0] AndroidManifest.xml:20:5-44
MERGED from [com.google.android.gms:play-services-base:11.8.0] AndroidManifest.xml:20:5-44
MERGED from [com.google.android.gms:play-services-tasks:11.8.0] AndroidManifest.xml:5:5-44
MERGED from [com.google.android.gms:play-services-tasks-license:11.8.0] AndroidManifest.xml:4:5-43
MERGED from [com.google.android.gms:play-services-base-license:11.8.0] AndroidManifest.xml:4:5-43
MERGED from [com.google.android.gms:play-services-basement:11.8.0] AndroidManifest.xml:20:5-44
MERGED from [com.google.android.gms:play-services-basement-license:11.8.0] AndroidManifest.xml:4:5-43
MERGED from [com.google.android.gms:play-services-maps-license:11.8.0] AndroidManifest.xml:4:5-43
MERGED from [jp.wasabeef:takt:1.0.3] AndroidManifest.xml:8:5-10:41
MERGED from [:nativescript-optimized:] AndroidManifest.xml:7:5-9:41
MERGED from [:Chart-2017.1.1030-dev-release:] AndroidManifest.xml:7:5-9:41
MERGED from [:Common-2017.1.1030-dev-release:] AndroidManifest.xml:7:5-9:41
MERGED from [:Data-2017.1.1030-dev-release:] AndroidManifest.xml:7:5-9:41
MERGED from [:Feedback-2017.1.1030-dev-release:] AndroidManifest.xml:7:5-9:41
MERGED from [:Gauges-2017.1.1030-dev-release:] AndroidManifest.xml:7:5-9:41
MERGED from [:Input-2017.1.1030-dev-release:] AndroidManifest.xml:7:5-9:41
MERGED from [:List-2017.1.1030-dev-release:] AndroidManifest.xml:7:5-9:41
MERGED from [:Primitives-2017.1.1030-dev-release:] AndroidManifest.xml:7:5-9:41
MERGED from [:widgets-release:] AndroidManifest.xml:7:5-9:41
MERGED from [com.android.support:design:26.0.0-alpha1] AndroidManifest.xml:21:5-23:62
MERGED from [com.android.support:appcompat-v7:26.0.0-alpha1] AndroidManifest.xml:21:5-23:78
MERGED from [com.android.support:animated-vector-drawable:26.0.0-alpha1] AndroidManifest.xml:20:5-44
MERGED from [com.android.support:support-vector-drawable:26.0.0-alpha1] AndroidManifest.xml:20:5-44
MERGED from [com.android.support:recyclerview-v7:26.0.0-alpha1] AndroidManifest.xml:20:5-44
MERGED from [com.android.support:transition:26.0.0-alpha1] AndroidManifest.xml:20:5-44
MERGED from [com.android.support:support-v4:26.0.0-alpha1] AndroidManifest.xml:21:5-23:54
MERGED from [com.android.support:support-media-compat:26.0.0-alpha1] AndroidManifest.xml:21:5-23:63
MERGED from [com.android.support:support-fragment:26.0.0-alpha1] AndroidManifest.xml:21:5-23:60
MERGED from [com.android.support:support-core-ui:26.0.0-alpha1] AndroidManifest.xml:21:5-23:58
MERGED from [com.android.support:support-core-utils:26.0.0-alpha1] AndroidManifest.xml:21:5-23:61
MERGED from [com.android.support:support-compat:26.0.0-alpha1] AndroidManifest.xml:21:5-23:58
	tools:overrideLibrary
		ADDED from [com.android.support:design:26.0.0-alpha1] AndroidManifest.xml:23:9-59
	android:targetSdkVersion
		ADDED from src\main\AndroidManifest.xml:5:42-71
		INJECTED from src\main\AndroidManifest.xml
		INJECTED from src\F1\AndroidManifest.xml
	android:minSdkVersion
		ADDED from src\main\AndroidManifest.xml:5:15-41
		INJECTED from src\main\AndroidManifest.xml
		INJECTED from src\F1\AndroidManifest.xml
uses-permission#android.permission.ACCESS_COARSE_LOCATION
ADDED from src\main\AndroidManifest.xml:6:5-81
	android:name
		ADDED from src\main\AndroidManifest.xml:6:22-78
uses-permission#android.permission.ACCESS_FINE_LOCATION
ADDED from src\main\AndroidManifest.xml:7:5-79
	android:name
		ADDED from src\main\AndroidManifest.xml:7:22-76
uses-permission#android.permission.INTERNET
ADDED from src\main\AndroidManifest.xml:8:5-67
MERGED from [com.google.android.gms:play-services-maps:11.8.0] AndroidManifest.xml:24:5-67
	android:name
		ADDED from src\main\AndroidManifest.xml:8:22-64
uses-permission#android.permission.READ_EXTERNAL_STORAGE
ADDED from src\main\AndroidManifest.xml:9:5-80
	android:name
		ADDED from src\main\AndroidManifest.xml:9:22-77
uses-permission#android.permission.WRITE_EXTERNAL_STORAGE
ADDED from src\main\AndroidManifest.xml:10:5-81
	android:name
		ADDED from src\main\AndroidManifest.xml:10:22-78
application
ADDED from src\main\AndroidManifest.xml:11:5-20:19
MERGED from src\main\AndroidManifest.xml:11:5-20:19
MERGED from [com.aurelhubert:ahbottomnavigation:2.1.0] AndroidManifest.xml:11:5-20
MERGED from [com.google.android.gms:play-services-maps:11.8.0] AndroidManifest.xml:30:5-20
MERGED from [com.google.android.gms:play-services-base:11.8.0] AndroidManifest.xml:22:5-27:19
MERGED from [com.google.android.gms:play-services-tasks:11.8.0] AndroidManifest.xml:7:5-20
MERGED from [com.google.android.gms:play-services-tasks-license:11.8.0] AndroidManifest.xml:5:5-20
MERGED from [com.google.android.gms:play-services-base-license:11.8.0] AndroidManifest.xml:5:5-20
MERGED from [com.google.android.gms:play-services-basement:11.8.0] AndroidManifest.xml:22:5-26:19
MERGED from [com.google.android.gms:play-services-basement-license:11.8.0] AndroidManifest.xml:5:5-20
MERGED from [com.google.android.gms:play-services-maps-license:11.8.0] AndroidManifest.xml:5:5-20
MERGED from [:Chart-2017.1.1030-dev-release:] AndroidManifest.xml:11:5-12:19
MERGED from [:Common-2017.1.1030-dev-release:] AndroidManifest.xml:11:5-12:19
MERGED from [:Data-2017.1.1030-dev-release:] AndroidManifest.xml:11:5-12:19
MERGED from [:Feedback-2017.1.1030-dev-release:] AndroidManifest.xml:11:5-32:19
MERGED from [:Gauges-2017.1.1030-dev-release:] AndroidManifest.xml:11:5-12:19
MERGED from [:Input-2017.1.1030-dev-release:] AndroidManifest.xml:11:5-12:19
MERGED from [:List-2017.1.1030-dev-release:] AndroidManifest.xml:11:5-12:19
MERGED from [:Primitives-2017.1.1030-dev-release:] AndroidManifest.xml:11:5-12:19
MERGED from [:widgets-release:] AndroidManifest.xml:11:5-12:19
MERGED from [com.android.support:design:26.0.0-alpha1] AndroidManifest.xml:29:5-20
MERGED from [com.android.support:appcompat-v7:26.0.0-alpha1] AndroidManifest.xml:29:5-20
MERGED from [com.android.support:animated-vector-drawable:26.0.0-alpha1] AndroidManifest.xml:26:5-20
MERGED from [com.android.support:support-vector-drawable:26.0.0-alpha1] AndroidManifest.xml:26:5-20
MERGED from [com.android.support:transition:26.0.0-alpha1] AndroidManifest.xml:26:5-20
MERGED from [com.android.support:support-v4:26.0.0-alpha1] AndroidManifest.xml:29:5-20
MERGED from [com.android.support:support-media-compat:26.0.0-alpha1] AndroidManifest.xml:29:5-20
MERGED from [com.android.support:support-fragment:26.0.0-alpha1] AndroidManifest.xml:29:5-20
MERGED from [com.android.support:support-core-ui:26.0.0-alpha1] AndroidManifest.xml:29:5-20
MERGED from [com.android.support:support-core-utils:26.0.0-alpha1] AndroidManifest.xml:29:5-20
MERGED from [com.android.support:support-compat:26.0.0-alpha1] AndroidManifest.xml:29:5-20
	android:label
		ADDED from src\main\AndroidManifest.xml:11:122-138
		ADDED from src\main\AndroidManifest.xml:11:122-138
	android:allowBackup
		ADDED from src\main\AndroidManifest.xml:11:65-91
		ADDED from src\main\AndroidManifest.xml:11:65-91
	android:icon
		ADDED from src\main\AndroidManifest.xml:11:92-121
		ADDED from src\main\AndroidManifest.xml:11:92-121
	android:theme
		ADDED from src\main\AndroidManifest.xml:11:139-170
		ADDED from src\main\AndroidManifest.xml:11:139-170
	android:name
		ADDED from src\main\AndroidManifest.xml:11:18-64
		ADDED from src\main\AndroidManifest.xml:11:18-64
activity#com.tns.NativeScriptActivity
ADDED from src\main\AndroidManifest.xml:12:9-18:20
	android:label
		ADDED from src\main\AndroidManifest.xml:12:63-108
	android:configChanges
		ADDED from src\main\AndroidManifest.xml:12:109-170
	android:theme
		ADDED from src\main\AndroidManifest.xml:12:171-211
	android:name
		ADDED from src\main\AndroidManifest.xml:12:19-62
meta-data#SET_THEME_ON_LAUNCH
ADDED from src\main\AndroidManifest.xml:13:13-96
	android:resource
		ADDED from src\main\AndroidManifest.xml:13:59-93
	android:name
		ADDED from src\main\AndroidManifest.xml:13:24-58
intent-filter#android.intent.action.MAIN+android.intent.category.LAUNCHER
ADDED from src\main\AndroidManifest.xml:14:13-17:29
action#android.intent.action.MAIN
ADDED from src\main\AndroidManifest.xml:15:17-69
	android:name
		ADDED from src\main\AndroidManifest.xml:15:25-66
category#android.intent.category.LAUNCHER
ADDED from src\main\AndroidManifest.xml:16:17-77
	android:name
		ADDED from src\main\AndroidManifest.xml:16:27-74
activity#com.tns.ErrorReportActivity
ADDED from src\main\AndroidManifest.xml:19:9-64
	android:name
		ADDED from src\main\AndroidManifest.xml:19:19-61
uses-permission#android.permission.ACCESS_NETWORK_STATE
MERGED from [com.google.android.gms:play-services-maps:11.8.0] AndroidManifest.xml:23:5-79
uses-feature#0x00020000
ADDED from [com.google.android.gms:play-services-maps:11.8.0] AndroidManifest.xml:26:5-28:35
	android:glEsVersion
		ADDED from [com.google.android.gms:play-services-maps:11.8.0] AndroidManifest.xml:27:9-41
	android:required
		ADDED from [com.google.android.gms:play-services-maps:11.8.0] AndroidManifest.xml:28:9-32
activity#com.google.android.gms.common.api.GoogleApiActivity
ADDED from [com.google.android.gms:play-services-base:11.8.0] AndroidManifest.xml:23:9-26:75
	android:exported
		ADDED from [com.google.android.gms:play-services-base:11.8.0] AndroidManifest.xml:25:13-37
	android:theme
		ADDED from [com.google.android.gms:play-services-base:11.8.0] AndroidManifest.xml:26:13-72
	android:name
		ADDED from [com.google.android.gms:play-services-base:11.8.0] AndroidManifest.xml:24:13-79
meta-data#com.google.android.gms.version
ADDED from [com.google.android.gms:play-services-basement:11.8.0] AndroidManifest.xml:23:9-25:69
	android:value
		ADDED from [com.google.android.gms:play-services-basement:11.8.0] AndroidManifest.xml:25:13-66
	android:name
		ADDED from [com.google.android.gms:play-services-basement:11.8.0] AndroidManifest.xml:24:13-58
activity#com.telerik.widget.feedback.SendFeedbackActivity
ADDED from [:Feedback-2017.1.1030-dev-release:] AndroidManifest.xml:12:9-16:20
	android:label
		ADDED from [:Feedback-2017.1.1030-dev-release:] AndroidManifest.xml:14:13-65
	android:theme
		ADDED from [:Feedback-2017.1.1030-dev-release:] AndroidManifest.xml:15:13-50
	android:name
		ADDED from [:Feedback-2017.1.1030-dev-release:] AndroidManifest.xml:13:13-76
activity#com.telerik.widget.feedback.ViewFeedbackActivity
ADDED from [:Feedback-2017.1.1030-dev-release:] AndroidManifest.xml:17:9-21:20
	android:label
		ADDED from [:Feedback-2017.1.1030-dev-release:] AndroidManifest.xml:19:13-65
	android:theme
		ADDED from [:Feedback-2017.1.1030-dev-release:] AndroidManifest.xml:20:13-50
	android:name
		ADDED from [:Feedback-2017.1.1030-dev-release:] AndroidManifest.xml:18:13-76
activity#com.telerik.widget.feedback.ViewFeedbackItemActivity
ADDED from [:Feedback-2017.1.1030-dev-release:] AndroidManifest.xml:22:9-26:20
	android:label
		ADDED from [:Feedback-2017.1.1030-dev-release:] AndroidManifest.xml:24:13-65
	android:theme
		ADDED from [:Feedback-2017.1.1030-dev-release:] AndroidManifest.xml:25:13-50
	android:name
		ADDED from [:Feedback-2017.1.1030-dev-release:] AndroidManifest.xml:23:13-80
activity#com.telerik.widget.feedback.EditDetailsActivity
ADDED from [:Feedback-2017.1.1030-dev-release:] AndroidManifest.xml:27:9-31:20
	android:label
		ADDED from [:Feedback-2017.1.1030-dev-release:] AndroidManifest.xml:29:13-64
	android:theme
		ADDED from [:Feedback-2017.1.1030-dev-release:] AndroidManifest.xml:30:13-50
	android:name
		ADDED from [:Feedback-2017.1.1030-dev-release:] AndroidManifest.xml:28:13-75
meta-data#android.support.VERSION
ADDED from [com.android.support:design:26.0.0-alpha1] AndroidManifest.xml:25:5-27:41
MERGED from [com.android.support:appcompat-v7:26.0.0-alpha1] AndroidManifest.xml:25:5-27:41
MERGED from [com.android.support:animated-vector-drawable:26.0.0-alpha1] AndroidManifest.xml:22:5-24:41
MERGED from [com.android.support:support-vector-drawable:26.0.0-alpha1] AndroidManifest.xml:22:5-24:41
MERGED from [com.android.support:recyclerview-v7:26.0.0-alpha1] AndroidManifest.xml:22:5-24:41
MERGED from [com.android.support:transition:26.0.0-alpha1] AndroidManifest.xml:22:5-24:41
MERGED from [com.android.support:support-v4:26.0.0-alpha1] AndroidManifest.xml:25:5-27:41
MERGED from [com.android.support:support-media-compat:26.0.0-alpha1] AndroidManifest.xml:25:5-27:41
MERGED from [com.android.support:support-fragment:26.0.0-alpha1] AndroidManifest.xml:25:5-27:41
MERGED from [com.android.support:support-core-ui:26.0.0-alpha1] AndroidManifest.xml:25:5-27:41
MERGED from [com.android.support:support-core-utils:26.0.0-alpha1] AndroidManifest.xml:25:5-27:41
MERGED from [com.android.support:support-compat:26.0.0-alpha1] AndroidManifest.xml:25:5-27:41
	android:value
		ADDED from [com.android.support:design:26.0.0-alpha1] AndroidManifest.xml:27:9-38
	android:name
		ADDED from [com.android.support:design:26.0.0-alpha1] AndroidManifest.xml:26:9-47